<?xml version="1.0" encoding="UTF-8"?>
<testsuite xmlns:xsi="http://www.w3.org/2001/XMLSchema-instance" xsi:noNamespaceSchemaLocation="https://maven.apache.org/surefire/maven-surefire-plugin/xsd/surefire-test-report.xsd" name="smulkus.IntegraciniaiTest" time="0.064" tests="4" errors="0" skipped="0" failures="1">
  <properties>
    <property name="awt.toolkit" value="sun.awt.X11.XToolkit"/>
    <property name="file.encoding.pkg" value="sun.io"/>
    <property name="java.specification.version" value="1.8"/>
    <property name="sun.cpu.isalist" value=""/>
    <property name="sun.jnu.encoding" value="UTF-8"/>
    <property name="java.class.path" value="/home/shplintas/Darbastalis/java/bandymai/target/test-classes:/home/shplintas/Darbastalis/java/bandymai/target/classes:/home/shplintas/.m2/repository/junit/junit/4.11/junit-4.11.jar:/home/shplintas/.m2/repository/org/hamcrest/hamcrest-core/1.3/hamcrest-core-1.3.jar:"/>
    <property name="java.vm.vendor" value="Private Build"/>
    <property name="sun.arch.data.model" value="32"/>
    <property name="java.vendor.url" value="http://java.oracle.com/"/>
    <property name="user.timezone" value=""/>
    <property name="java.vm.specification.version" value="1.8"/>
    <property name="os.name" value="Linux"/>
    <property name="user.country" value="LT"/>
    <property name="sun.java.launcher" value="SUN_STANDARD"/>
    <property name="sun.boot.library.path" value="/usr/lib/jvm/java-8-openjdk-i386/jre/lib/i386"/>
    <property name="sun.java.command" value="/home/shplintas/Darbastalis/java/bandymai/target/surefire/surefirebooter7887342379126545270.jar /home/shplintas/Darbastalis/java/bandymai/target/surefire 2021-05-28T08-37-05_635-jvmRun1 surefire2372008831185872265tmp surefire_08117373848096347755tmp"/>
    <property name="surefire.test.class.path" value="/home/shplintas/Darbastalis/java/bandymai/target/test-classes:/home/shplintas/Darbastalis/java/bandymai/target/classes:/home/shplintas/.m2/repository/junit/junit/4.11/junit-4.11.jar:/home/shplintas/.m2/repository/org/hamcrest/hamcrest-core/1.3/hamcrest-core-1.3.jar:"/>
    <property name="sun.cpu.endian" value="little"/>
    <property name="user.home" value="/home/shplintas"/>
    <property name="user.language" value="lt"/>
    <property name="java.specification.vendor" value="Oracle Corporation"/>
    <property name="java.home" value="/usr/lib/jvm/java-8-openjdk-i386/jre"/>
    <property name="basedir" value="/home/shplintas/Darbastalis/java/bandymai"/>
    <property name="file.separator" value="/"/>
    <property name="line.separator" value="&#10;"/>
    <property name="java.vm.specification.vendor" value="Oracle Corporation"/>
    <property name="java.specification.name" value="Java Platform API Specification"/>
    <property name="java.awt.graphicsenv" value="sun.awt.X11GraphicsEnvironment"/>
    <property name="surefire.real.class.path" value="/home/shplintas/Darbastalis/java/bandymai/target/surefire/surefirebooter7887342379126545270.jar"/>
    <property name="sun.boot.class.path" value="/usr/lib/jvm/java-8-openjdk-i386/jre/lib/resources.jar:/usr/lib/jvm/java-8-openjdk-i386/jre/lib/rt.jar:/usr/lib/jvm/java-8-openjdk-i386/jre/lib/sunrsasign.jar:/usr/lib/jvm/java-8-openjdk-i386/jre/lib/jsse.jar:/usr/lib/jvm/java-8-openjdk-i386/jre/lib/jce.jar:/usr/lib/jvm/java-8-openjdk-i386/jre/lib/charsets.jar:/usr/lib/jvm/java-8-openjdk-i386/jre/lib/jfr.jar:/usr/lib/jvm/java-8-openjdk-i386/jre/classes"/>
    <property name="sun.management.compiler" value="HotSpot Tiered Compilers"/>
    <property name="java.runtime.version" value="1.8.0_292-8u292-b10-0ubuntu1~16.04.1-b10"/>
    <property name="user.name" value="shplintas"/>
    <property name="path.separator" value=":"/>
    <property name="os.version" value="4.4.0-210-generic"/>
    <property name="java.endorsed.dirs" value="/usr/lib/jvm/java-8-openjdk-i386/jre/lib/endorsed"/>
    <property name="java.runtime.name" value="OpenJDK Runtime Environment"/>
    <property name="file.encoding" value="UTF-8"/>
    <property name="java.vm.name" value="OpenJDK Server VM"/>
    <property name="localRepository" value="/home/shplintas/.m2/repository"/>
    <property name="java.vendor.url.bug" value="http://bugreport.sun.com/bugreport/"/>
    <property name="java.io.tmpdir" value="/tmp"/>
    <property name="java.version" value="1.8.0_292"/>
    <property name="user.dir" value="/home/shplintas/Darbastalis/java/bandymai"/>
    <property name="os.arch" value="i386"/>
    <property name="java.vm.specification.name" value="Java Virtual Machine Specification"/>
    <property name="java.awt.printerjob" value="sun.print.PSPrinterJob"/>
    <property name="sun.os.patch.level" value="unknown"/>
    <property name="java.library.path" value="/usr/java/packages/lib/i386:/usr/lib/i386-linux-gnu/jni:/lib/i386-linux-gnu:/usr/lib/i386-linux-gnu:/usr/lib/jni:/lib:/usr/lib"/>
    <property name="java.vm.info" value="mixed mode"/>
    <property name="java.vendor" value="Private Build"/>
    <property name="java.vm.version" value="25.292-b10"/>
    <property name="java.ext.dirs" value="/usr/lib/jvm/java-8-openjdk-i386/jre/lib/ext:/usr/java/packages/lib/ext"/>
    <property name="sun.io.unicode.encoding" value="UnicodeLittle"/>
    <property name="java.class.version" value="52.0"/>
  </properties>
  <testcase name="shouldAnswerWithTrue" classname="smulkus.IntegraciniaiTest" time="0.002"/>
  <testcase name="lygtiesSprendiniuSkaiciausRadimoSprendiniams" classname="smulkus.IntegraciniaiTest" time="0.002"/>
  <testcase name="diskriminantoSkaiciavimasLygtiesSprendiniuSkaiciui" classname="smulkus.IntegraciniaiTest" time="0.001"/>
  <testcase name="diskriminantoSkaiciavimoSprendiniams" classname="smulkus.IntegraciniaiTest" time="0.008">
    <failure message="lygties sprendimas, pagal suskaiciuota diskriminanta, kai D&gt;0: arrays first differed at element [0]; expected:&lt;-1.0&gt; but was:&lt;NaN&gt;" type="org.junit.internal.ArrayComparisonFailure"><![CDATA[org.junit.internal.ArrayComparisonFailure: lygties sprendimas, pagal suskaiciuota diskriminanta, kai D>0: arrays first differed at element [0]; expected:<-1.0> but was:<NaN>
	at smulkus.IntegraciniaiTest.diskriminantoSkaiciavimoSprendiniams(IntegraciniaiTest.java:103)
]]></failure>
  </testcase>
</testsuite>